
ROM used:   6888/8192 (84%)
            7135/8192 (87%) including unused fragments

            1.6 Average locations per line
            7.5 Average locations per statement

RAM used:   84/368 (23%) at main() level
            189/368 (51%) worst case

Stack used: 5 worst case (5 in main + 0 for interrupts)
Stack size: 8

Lines Stmts  %   Files
----- ----- ---  -----
  198   166  18  main.c
  674     0   0  C:\Program Files (x86)\PICC\Devices\16F877A.h
   72    29   3  lcd.h
  200   130  14  max30102.h
   95    65   7  dht11.h
  246   107  12  hx711.h
 2227   257  28  C:\Program Files (x86)\PICC\Drivers\math.h
   62    34   4  uart.h
  435   129  14  C:\Program Files (x86)\PICC\Drivers\string.h
   32     0   0  C:\Program Files (x86)\PICC\Drivers\stddef.h
   28     0   0  C:\Program Files (x86)\PICC\Drivers\ctype.h
----- -----
 4269   917 Total

Page ROM  %  RAM    Vol Diff  Functions:
---- --- --- ---    --- ----  ----------
0     20   0    1             @delay_ms1
0     47   1    0    245  1.4  LCD_Init
0      7   0    2     39  1.5  LCD_SetPosition
0      8   0    1     65  1.2  LCD_PutChar
0     21   0    2    110  2.1  LCD_PutCmd
0      9   0    0     72  1.2  LCD_PulseEnable
0     37   1    1    194  1.4  LCD_SetData
 Inline         3             @I2C_READ_1
0     52   1    1             @I2C_WRITE_1
0     86   1    3    675  4.3  max30102_init
0    742  11   23   2869 11.2  max30102_read_and_display
0     81   1   13             @DIV3232
0     43   1    2    102  1.8  max30102_write
 Inline        23    773  6.7  max30102_read_fifo
 Inline         0    106  1.3  dht11_start
0    230   3   16   2190 11.0  dht11_read
0     65   1   10    191  4.5  @FLT
0     31   0    2             @ITOF
 Inline        13    272  5.7  @MULFF
1    345   5   16             @ADDFF
0    204   3   14    213  6.0  @DIVFF
0     98   1    8    759  7.0  readCount
0    101   1   10    382  7.2  readAverage
 Inline         5     80  3.0  hx711_get_value
1    639   9   17   1690  9.8  hx711_get_units
0      9   0    1     65  1.6  hx711_tare
0    127   2   12    314  7.5  hx711_calibrate
0      3   0    0      3  0.0  uart_init
 Inline         3    100  2.9  uart_send_string
1    600   9   82   1342  5.6  uart_send_data
0     15   0    1             @SPRINTF
1     23   0    3             @DIV88
1     75   1    2             @PRINTF_U_947
1    202   3   12             @PRINTF_L32D_947
0      5   0    0             @const959
 Inline         5             @PSTRINGCN7_947
2   1900  28   16   2814  7.0  display_number
3    991  14   21   4002  9.2  MAIN
1     37   1    5             @DIV1616
1     31   0    5             @FTOSD
 Inline         0             @cinit1

Program metrics:
    Functions               26
    Statements              917
    Comments                708
    Volume (V)              30942
    Difficulty (D)          123.4
    Effort to implement (E) 3818962
    Time to implement (T)   58 hours, 56 minutes
    Est Delivered Bugs (B)  8
    Cyclomatic Complexity   89
    Maintainability (MI)    124

 Segment     Used  Free
-----------  ----  ----
00000-00003     4  0  
00004-007FF  2041  3  
00800-00FFF  1952  96  
01000-017FF  1900  148  
01800-01FFF   991  1057  



