>>> Warning 225 "C:\Program Files (x86)\PICC\Devices\16F877A.h" Line 74(15,19): Duplicate #define
>>> Warning 225 "C:\Program Files (x86)\PICC\Devices\16F877A.h" Line 75(15,19): Duplicate #define
>>> Warning 225 "C:\Program Files (x86)\PICC\Devices\16F877A.h" Line 76(15,19): Duplicate #define
>>> Warning 225 "C:\Program Files (x86)\PICC\Devices\16F877A.h" Line 77(15,19): Duplicate #define
>>> Warning 225 "C:\Program Files (x86)\PICC\Devices\16F877A.h" Line 78(15,19): Duplicate #define
>>> Warning 225 "C:\Program Files (x86)\PICC\Devices\16F877A.h" Line 79(15,19): Duplicate #define
>>> Warning 225 "C:\Program Files (x86)\PICC\Devices\16F877A.h" Line 81(15,19): Duplicate #define
>>> Warning 225 "C:\Program Files (x86)\PICC\Devices\16F877A.h" Line 82(15,19): Duplicate #define
>>> Warning 225 "C:\Program Files (x86)\PICC\Devices\16F877A.h" Line 83(15,19): Duplicate #define
>>> Warning 225 "C:\Program Files (x86)\PICC\Devices\16F877A.h" Line 84(15,19): Duplicate #define
>>> Warning 225 "C:\Program Files (x86)\PICC\Devices\16F877A.h" Line 85(15,19): Duplicate #define
>>> Warning 225 "C:\Program Files (x86)\PICC\Devices\16F877A.h" Line 86(15,19): Duplicate #define
>>> Warning 225 "C:\Program Files (x86)\PICC\Devices\16F877A.h" Line 87(15,19): Duplicate #define
>>> Warning 225 "C:\Program Files (x86)\PICC\Devices\16F877A.h" Line 88(15,19): Duplicate #define
>>> Warning 225 "C:\Program Files (x86)\PICC\Devices\16F877A.h" Line 90(15,19): Duplicate #define
>>> Warning 225 "C:\Program Files (x86)\PICC\Devices\16F877A.h" Line 91(15,19): Duplicate #define
>>> Warning 225 "C:\Program Files (x86)\PICC\Devices\16F877A.h" Line 92(15,19): Duplicate #define
>>> Warning 225 "C:\Program Files (x86)\PICC\Devices\16F877A.h" Line 93(15,19): Duplicate #define
>>> Warning 225 "C:\Program Files (x86)\PICC\Devices\16F877A.h" Line 94(15,19): Duplicate #define
>>> Warning 225 "C:\Program Files (x86)\PICC\Devices\16F877A.h" Line 95(15,19): Duplicate #define
>>> Warning 225 "C:\Program Files (x86)\PICC\Devices\16F877A.h" Line 96(15,19): Duplicate #define
>>> Warning 225 "C:\Program Files (x86)\PICC\Devices\16F877A.h" Line 97(15,19): Duplicate #define
>>> Warning 225 "C:\Program Files (x86)\PICC\Devices\16F877A.h" Line 99(15,19): Duplicate #define
>>> Warning 225 "C:\Program Files (x86)\PICC\Devices\16F877A.h" Line 100(15,19): Duplicate #define
>>> Warning 225 "C:\Program Files (x86)\PICC\Devices\16F877A.h" Line 101(15,19): Duplicate #define
>>> Warning 225 "C:\Program Files (x86)\PICC\Devices\16F877A.h" Line 102(15,19): Duplicate #define
>>> Warning 225 "C:\Program Files (x86)\PICC\Devices\16F877A.h" Line 103(15,19): Duplicate #define
>>> Warning 225 "C:\Program Files (x86)\PICC\Devices\16F877A.h" Line 104(15,19): Duplicate #define
>>> Warning 225 "C:\Program Files (x86)\PICC\Devices\16F877A.h" Line 105(15,19): Duplicate #define
>>> Warning 225 "C:\Program Files (x86)\PICC\Devices\16F877A.h" Line 106(15,19): Duplicate #define
>>> Warning 225 "C:\Program Files (x86)\PICC\Devices\16F877A.h" Line 108(15,19): Duplicate #define
>>> Warning 225 "C:\Program Files (x86)\PICC\Devices\16F877A.h" Line 109(15,19): Duplicate #define
>>> Warning 225 "C:\Program Files (x86)\PICC\Devices\16F877A.h" Line 110(15,19): Duplicate #define
>>> Warning 225 "C:\Program Files (x86)\PICC\Devices\16F877A.h" Line 113(14,16): Duplicate #define
>>> Warning 225 "C:\Program Files (x86)\PICC\Devices\16F877A.h" Line 114(13,15): Duplicate #define
>>> Warning 225 "C:\Program Files (x86)\PICC\Devices\16F877A.h" Line 116(13,18): Duplicate #define
>>> Warning 225 "C:\Program Files (x86)\PICC\Devices\16F877A.h" Line 117(16,21): Duplicate #define
>>> Warning 225 "C:\Program Files (x86)\PICC\Devices\16F877A.h" Line 119(13,19): Duplicate #define
>>> Warning 225 "C:\Program Files (x86)\PICC\Devices\16F877A.h" Line 120(14,20): Duplicate #define
>>> Warning 225 "C:\Program Files (x86)\PICC\Devices\16F877A.h" Line 121(16,22): Duplicate #define
>>> Warning 225 "C:\Program Files (x86)\PICC\Devices\16F877A.h" Line 122(13,21): Duplicate #define
>>> Warning 225 "C:\Program Files (x86)\PICC\Devices\16F877A.h" Line 123(14,22): Duplicate #define
>>> Warning 225 "C:\Program Files (x86)\PICC\Devices\16F877A.h" Line 124(14,19): Duplicate #define
>>> Warning 225 "C:\Program Files (x86)\PICC\Devices\16F877A.h" Line 125(14,19): Duplicate #define
>>> Warning 225 "C:\Program Files (x86)\PICC\Devices\16F877A.h" Line 134(23,31): Duplicate #define
>>> Warning 225 "C:\Program Files (x86)\PICC\Devices\16F877A.h" Line 135(20,31): Duplicate #define
>>> Warning 225 "C:\Program Files (x86)\PICC\Devices\16F877A.h" Line 136(24,31): Duplicate #define
>>> Warning 225 "C:\Program Files (x86)\PICC\Devices\16F877A.h" Line 137(22,31): Duplicate #define
>>> Warning 225 "C:\Program Files (x86)\PICC\Devices\16F877A.h" Line 138(24,31): Duplicate #define
>>> Warning 225 "C:\Program Files (x86)\PICC\Devices\16F877A.h" Line 139(25,31): Duplicate #define
>>> Warning 225 "C:\Program Files (x86)\PICC\Devices\16F877A.h" Line 153(20,27): Duplicate #define
>>> Warning 225 "C:\Program Files (x86)\PICC\Devices\16F877A.h" Line 154(22,25): Duplicate #define
>>> Warning 225 "C:\Program Files (x86)\PICC\Devices\16F877A.h" Line 155(22,25): Duplicate #define
>>> Warning 225 "C:\Program Files (x86)\PICC\Devices\16F877A.h" Line 157(17,24): Duplicate #define
>>> Warning 225 "C:\Program Files (x86)\PICC\Devices\16F877A.h" Line 158(17,24): Duplicate #define
>>> Warning 225 "C:\Program Files (x86)\PICC\Devices\16F877A.h" Line 159(17,24): Duplicate #define
>>> Warning 225 "C:\Program Files (x86)\PICC\Devices\16F877A.h" Line 160(17,24): Duplicate #define
>>> Warning 225 "C:\Program Files (x86)\PICC\Devices\16F877A.h" Line 161(18,24): Duplicate #define
>>> Warning 225 "C:\Program Files (x86)\PICC\Devices\16F877A.h" Line 162(18,24): Duplicate #define
>>> Warning 225 "C:\Program Files (x86)\PICC\Devices\16F877A.h" Line 163(18,24): Duplicate #define
>>> Warning 225 "C:\Program Files (x86)\PICC\Devices\16F877A.h" Line 164(19,24): Duplicate #define
>>> Warning 225 "C:\Program Files (x86)\PICC\Devices\16F877A.h" Line 165(19,24): Duplicate #define
>>> Warning 225 "C:\Program Files (x86)\PICC\Devices\16F877A.h" Line 168(17,29): Duplicate #define
>>> Warning 225 "C:\Program Files (x86)\PICC\Devices\16F877A.h" Line 172(22,28): Duplicate #define
>>> Warning 225 "C:\Program Files (x86)\PICC\Devices\16F877A.h" Line 173(24,32): Duplicate #define
>>> Warning 225 "C:\Program Files (x86)\PICC\Devices\16F877A.h" Line 174(24,27): Duplicate #define
>>> Warning 225 "C:\Program Files (x86)\PICC\Devices\16F877A.h" Line 175(19,26): Duplicate #define
>>> Warning 225 "C:\Program Files (x86)\PICC\Devices\16F877A.h" Line 176(19,26): Duplicate #define
>>> Warning 225 "C:\Program Files (x86)\PICC\Devices\16F877A.h" Line 177(19,26): Duplicate #define
>>> Warning 225 "C:\Program Files (x86)\PICC\Devices\16F877A.h" Line 178(19,26): Duplicate #define
>>> Warning 225 "C:\Program Files (x86)\PICC\Devices\16F877A.h" Line 179(20,26): Duplicate #define
>>> Warning 225 "C:\Program Files (x86)\PICC\Devices\16F877A.h" Line 180(20,26): Duplicate #define
>>> Warning 225 "C:\Program Files (x86)\PICC\Devices\16F877A.h" Line 181(20,26): Duplicate #define
>>> Warning 225 "C:\Program Files (x86)\PICC\Devices\16F877A.h" Line 182(21,26): Duplicate #define
>>> Warning 225 "C:\Program Files (x86)\PICC\Devices\16F877A.h" Line 183(21,26): Duplicate #define
>>> Warning 225 "C:\Program Files (x86)\PICC\Devices\16F877A.h" Line 184(19,31): Duplicate #define
>>> Warning 225 "C:\Program Files (x86)\PICC\Devices\16F877A.h" Line 199(17,29): Duplicate #define
>>> Warning 225 "C:\Program Files (x86)\PICC\Devices\16F877A.h" Line 200(17,29): Duplicate #define
>>> Warning 225 "C:\Program Files (x86)\PICC\Devices\16F877A.h" Line 201(17,29): Duplicate #define
>>> Warning 225 "C:\Program Files (x86)\PICC\Devices\16F877A.h" Line 202(18,29): Duplicate #define
>>> Warning 225 "C:\Program Files (x86)\PICC\Devices\16F877A.h" Line 203(18,29): Duplicate #define
>>> Warning 225 "C:\Program Files (x86)\PICC\Devices\16F877A.h" Line 204(18,29): Duplicate #define
>>> Warning 225 "C:\Program Files (x86)\PICC\Devices\16F877A.h" Line 205(19,29): Duplicate #define
>>> Warning 225 "C:\Program Files (x86)\PICC\Devices\16F877A.h" Line 206(19,29): Duplicate #define
>>> Warning 225 "C:\Program Files (x86)\PICC\Devices\16F877A.h" Line 217(20,30): Duplicate #define
>>> Warning 225 "C:\Program Files (x86)\PICC\Devices\16F877A.h" Line 218(20,33): Duplicate #define
>>> Warning 225 "C:\Program Files (x86)\PICC\Devices\16F877A.h" Line 219(20,33): Duplicate #define
>>> Warning 225 "C:\Program Files (x86)\PICC\Devices\16F877A.h" Line 220(25,33): Duplicate #define
>>> Warning 225 "C:\Program Files (x86)\PICC\Devices\16F877A.h" Line 222(19,30): Duplicate #define
>>> Warning 225 "C:\Program Files (x86)\PICC\Devices\16F877A.h" Line 224(20,30): Duplicate #define
>>> Warning 225 "C:\Program Files (x86)\PICC\Devices\16F877A.h" Line 225(20,33): Duplicate #define
>>> Warning 225 "C:\Program Files (x86)\PICC\Devices\16F877A.h" Line 226(20,33): Duplicate #define
>>> Warning 225 "C:\Program Files (x86)\PICC\Devices\16F877A.h" Line 227(20,33): Duplicate #define
>>> Warning 225 "C:\Program Files (x86)\PICC\Devices\16F877A.h" Line 236(20,30): Duplicate #define
>>> Warning 225 "C:\Program Files (x86)\PICC\Devices\16F877A.h" Line 237(20,30): Duplicate #define
>>> Warning 225 "C:\Program Files (x86)\PICC\Devices\16F877A.h" Line 238(20,30): Duplicate #define
>>> Warning 225 "C:\Program Files (x86)\PICC\Devices\16F877A.h" Line 239(21,31): Duplicate #define
>>> Warning 225 "C:\Program Files (x86)\PICC\Devices\16F877A.h" Line 249(16,43): Duplicate #define
>>> Warning 225 "C:\Program Files (x86)\PICC\Devices\16F877A.h" Line 250(23,46): Duplicate #define
>>> Warning 225 "C:\Program Files (x86)\PICC\Devices\16F877A.h" Line 251(23,46): Duplicate #define
>>> Warning 225 "C:\Program Files (x86)\PICC\Devices\16F877A.h" Line 252(26,46): Duplicate #define
>>> Warning 225 "C:\Program Files (x86)\PICC\Devices\16F877A.h" Line 253(27,46): Duplicate #define
>>> Warning 225 "C:\Program Files (x86)\PICC\Devices\16F877A.h" Line 254(33,46): Duplicate #define
>>> Warning 225 "C:\Program Files (x86)\PICC\Devices\16F877A.h" Line 255(33,46): Duplicate #define
>>> Warning 225 "C:\Program Files (x86)\PICC\Devices\16F877A.h" Line 256(24,48): Duplicate #define
>>> Warning 225 "C:\Program Files (x86)\PICC\Devices\16F877A.h" Line 257(32,48): Duplicate #define
>>> Warning 225 "C:\Program Files (x86)\PICC\Devices\16F877A.h" Line 258(16,47): Duplicate #define
>>> Warning 225 "C:\Program Files (x86)\PICC\Devices\16F877A.h" Line 259(23,48): Duplicate #define
>>> Warning 225 "C:\Program Files (x86)\PICC\Devices\16F877A.h" Line 260(23,48): Duplicate #define
>>> Warning 225 "C:\Program Files (x86)\PICC\Devices\16F877A.h" Line 261(23,48): Duplicate #define
>>> Warning 238 "C:\Program Files (x86)\PICC\Devices\16F877A.h" Line 264(2,6): Duplicate #locate
>>> Warning 238 "C:\Program Files (x86)\PICC\Devices\16F877A.h" Line 265(2,6): Duplicate #locate
>>> Warning 238 "C:\Program Files (x86)\PICC\Devices\16F877A.h" Line 265(61,62): Duplicate #locate
>>> Warning 238 "C:\Program Files (x86)\PICC\Devices\16F877A.h" Line 272(2,6): Duplicate #locate
>>> Warning 238 "C:\Program Files (x86)\PICC\Devices\16F877A.h" Line 273(2,6): Duplicate #locate
>>> Warning 238 "C:\Program Files (x86)\PICC\Devices\16F877A.h" Line 273(61,62): Duplicate #locate
>>> Warning 225 "C:\Program Files (x86)\PICC\Devices\16F877A.h" Line 284(20,28): Duplicate #define
>>> Warning 225 "C:\Program Files (x86)\PICC\Devices\16F877A.h" Line 285(21,25): Duplicate #define
>>> Warning 238 "C:\Program Files (x86)\PICC\Devices\16F877A.h" Line 287(19,20): Duplicate #locate
>>> Warning 225 "C:\Program Files (x86)\PICC\Devices\16F877A.h" Line 298(21,38): Duplicate #define
>>> Warning 225 "C:\Program Files (x86)\PICC\Devices\16F877A.h" Line 299(19,38): Duplicate #define
>>> Warning 225 "C:\Program Files (x86)\PICC\Devices\16F877A.h" Line 300(18,38): Duplicate #define
>>> Warning 225 "C:\Program Files (x86)\PICC\Devices\16F877A.h" Line 301(26,38): Duplicate #define
>>> Warning 225 "C:\Program Files (x86)\PICC\Devices\16F877A.h" Line 302(25,38): Duplicate #define
>>> Warning 225 "C:\Program Files (x86)\PICC\Devices\16F877A.h" Line 303(22,38): Duplicate #define
>>> Warning 225 "C:\Program Files (x86)\PICC\Devices\16F877A.h" Line 304(23,38): Duplicate #define
>>> Warning 225 "C:\Program Files (x86)\PICC\Devices\16F877A.h" Line 305(23,38): Duplicate #define
>>> Warning 225 "C:\Program Files (x86)\PICC\Devices\16F877A.h" Line 306(19,38): Duplicate #define
>>> Warning 225 "C:\Program Files (x86)\PICC\Devices\16F877A.h" Line 307(24,38): Duplicate #define
>>> Warning 225 "C:\Program Files (x86)\PICC\Devices\16F877A.h" Line 309(24,40): Duplicate #define
>>> Warning 225 "C:\Program Files (x86)\PICC\Devices\16F877A.h" Line 310(24,40): Duplicate #define
>>> Warning 225 "C:\Program Files (x86)\PICC\Devices\16F877A.h" Line 312(29,40): Duplicate #define
>>> Warning 225 "C:\Program Files (x86)\PICC\Devices\16F877A.h" Line 313(26,40): Duplicate #define
>>> Warning 225 "C:\Program Files (x86)\PICC\Devices\16F877A.h" Line 316(19,42): Duplicate #define
>>> Warning 225 "C:\Program Files (x86)\PICC\Devices\16F877A.h" Line 317(19,43): Duplicate #define
>>> Warning 225 "C:\Program Files (x86)\PICC\Devices\16F877A.h" Line 330(21,33): Duplicate #define
>>> Warning 225 "C:\Program Files (x86)\PICC\Devices\16F877A.h" Line 331(18,33): Duplicate #define
>>> Warning 225 "C:\Program Files (x86)\PICC\Devices\16F877A.h" Line 337(20,29): Duplicate #define
>>> Warning 225 "C:\Program Files (x86)\PICC\Devices\16F877A.h" Line 338(33,42): Duplicate #define
>>> Warning 225 "C:\Program Files (x86)\PICC\Devices\16F877A.h" Line 339(33,42): Duplicate #define
>>> Warning 225 "C:\Program Files (x86)\PICC\Devices\16F877A.h" Line 340(20,29): Duplicate #define
>>> Warning 225 "C:\Program Files (x86)\PICC\Devices\16F877A.h" Line 341(20,29): Duplicate #define
>>> Warning 225 "C:\Program Files (x86)\PICC\Devices\16F877A.h" Line 342(30,39): Duplicate #define
>>> Warning 225 "C:\Program Files (x86)\PICC\Devices\16F877A.h" Line 343(20,28): Duplicate #define
>>> Warning 225 "C:\Program Files (x86)\PICC\Devices\16F877A.h" Line 344(20,28): Duplicate #define
>>> Warning 225 "C:\Program Files (x86)\PICC\Devices\16F877A.h" Line 345(19,30): Duplicate #define
>>> Warning 225 "C:\Program Files (x86)\PICC\Devices\16F877A.h" Line 346(19,30): Duplicate #define
>>> Warning 238 "C:\Program Files (x86)\PICC\Devices\16F877A.h" Line 349(2,5): Duplicate #locate
>>> Warning 238 "C:\Program Files (x86)\PICC\Devices\16F877A.h" Line 349(18,20): Duplicate #locate
>>> Warning 225 "C:\Program Files (x86)\PICC\Devices\16F877A.h" Line 355(17,23): Duplicate #define
>>> Warning 225 "C:\Program Files (x86)\PICC\Devices\16F877A.h" Line 356(18,23): Duplicate #define
>>> Warning 225 "C:\Program Files (x86)\PICC\Devices\16F877A.h" Line 358(16,23): Duplicate #define
>>> Warning 225 "C:\Program Files (x86)\PICC\Devices\16F877A.h" Line 373(16,58): Duplicate #define
>>> Warning 225 "C:\Program Files (x86)\PICC\Devices\16F877A.h" Line 374(24,34): Duplicate #define
>>> Warning 225 "C:\Program Files (x86)\PICC\Devices\16F877A.h" Line 375(24,34): Duplicate #define
>>> Warning 225 "C:\Program Files (x86)\PICC\Devices\16F877A.h" Line 376(24,34): Duplicate #define
>>> Warning 225 "C:\Program Files (x86)\PICC\Devices\16F877A.h" Line 377(25,34): Duplicate #define
>>> Warning 225 "C:\Program Files (x86)\PICC\Devices\16F877A.h" Line 378(25,34): Duplicate #define
>>> Warning 225 "C:\Program Files (x86)\PICC\Devices\16F877A.h" Line 379(25,34): Duplicate #define
>>> Warning 225 "C:\Program Files (x86)\PICC\Devices\16F877A.h" Line 380(27,65): Duplicate #define
>>> Warning 225 "C:\Program Files (x86)\PICC\Devices\16F877A.h" Line 387(19,58): Duplicate #define
>>> Warning 225 "C:\Program Files (x86)\PICC\Devices\16F877A.h" Line 388(19,78): Duplicate #define
>>> Warning 225 "C:\Program Files (x86)\PICC\Devices\16F877A.h" Line 389(45,88): Duplicate #define
>>> Warning 225 "C:\Program Files (x86)\PICC\Devices\16F877A.h" Line 390(28,78): Duplicate #define
>>> Warning 225 "C:\Program Files (x86)\PICC\Devices\16F877A.h" Line 391(33,88): Duplicate #define
>>> Warning 225 "C:\Program Files (x86)\PICC\Devices\16F877A.h" Line 392(20,62): Duplicate #define
>>> Warning 225 "C:\Program Files (x86)\PICC\Devices\16F877A.h" Line 393(25,68): Duplicate #define
>>> Warning 225 "C:\Program Files (x86)\PICC\Devices\16F877A.h" Line 394(42,94): Duplicate #define
>>> Warning 225 "C:\Program Files (x86)\PICC\Devices\16F877A.h" Line 395(32,79): Duplicate #define
>>> Warning 225 "C:\Program Files (x86)\PICC\Devices\16F877A.h" Line 396(37,88): Duplicate #define
>>> Warning 225 "C:\Program Files (x86)\PICC\Devices\16F877A.h" Line 397(34,94): Duplicate #define
>>> Warning 225 "C:\Program Files (x86)\PICC\Devices\16F877A.h" Line 398(30,94): Duplicate #define
>>> Warning 225 "C:\Program Files (x86)\PICC\Devices\16F877A.h" Line 399(26,77): Duplicate #define
>>> Warning 225 "C:\Program Files (x86)\PICC\Devices\16F877A.h" Line 400(12,56): Duplicate #define
>>> Warning 225 "C:\Program Files (x86)\PICC\Devices\16F877A.h" Line 401(22,74): Duplicate #define
>>> Warning 225 "C:\Program Files (x86)\PICC\Devices\16F877A.h" Line 402(23,89): Duplicate #define
>>> Warning 225 "C:\Program Files (x86)\PICC\Devices\16F877A.h" Line 403(17,91): Duplicate #define
>>> Warning 225 "C:\Program Files (x86)\PICC\Devices\16F877A.h" Line 404(25,91): Duplicate #define
>>> Warning 225 "C:\Program Files (x86)\PICC\Devices\16F877A.h" Line 405(27,89): Duplicate #define
>>> Warning 225 "C:\Program Files (x86)\PICC\Devices\16F877A.h" Line 406(31,89): Duplicate #define
>>> Warning 225 "C:\Program Files (x86)\PICC\Devices\16F877A.h" Line 407(27,89): Duplicate #define
>>> Warning 225 "C:\Program Files (x86)\PICC\Devices\16F877A.h" Line 408(27,91): Duplicate #define
>>> Warning 225 "C:\Program Files (x86)\PICC\Devices\16F877A.h" Line 409(35,91): Duplicate #define
>>> Warning 225 "C:\Program Files (x86)\PICC\Devices\16F877A.h" Line 410(39,91): Duplicate #define
>>> Warning 225 "C:\Program Files (x86)\PICC\Devices\16F877A.h" Line 411(29,91): Duplicate #define
>>> Warning 225 "C:\Program Files (x86)\PICC\Devices\16F877A.h" Line 412(35,89): Duplicate #define
>>> Warning 225 "C:\Program Files (x86)\PICC\Devices\16F877A.h" Line 413(19,89): Duplicate #define
>>> Warning 225 "C:\Program Files (x86)\PICC\Devices\16F877A.h" Line 414(31,89): Duplicate #define
>>> Warning 225 "C:\Program Files (x86)\PICC\Devices\16F877A.h" Line 417(27,82): Duplicate #define
>>> Warning 225 "C:\Program Files (x86)\PICC\Devices\16F877A.h" Line 418(23,33): Duplicate #define
>>> Warning 225 "C:\Program Files (x86)\PICC\Devices\16F877A.h" Line 419(22,33): Duplicate #define
>>> Warning 225 "C:\Program Files (x86)\PICC\Devices\16F877A.h" Line 649(15,35): Duplicate #define
>>> Warning 225 "C:\Program Files (x86)\PICC\Devices\16F877A.h" Line 650(15,35): Duplicate #define
>>> Warning 225 "C:\Program Files (x86)\PICC\Devices\16F877A.h" Line 652(15,41): Duplicate #define
>>> Warning 225 "C:\Program Files (x86)\PICC\Devices\16F877A.h" Line 653(15,41): Duplicate #define
>>> Warning 225 "C:\Program Files (x86)\PICC\Devices\16F877A.h" Line 654(17,43): Duplicate #define
>>> Warning 225 "C:\Program Files (x86)\PICC\Devices\16F877A.h" Line 655(15,45): Duplicate #define
>>> Warning 225 "C:\Program Files (x86)\PICC\Devices\16F877A.h" Line 656(20,45): Duplicate #define
>>> Warning 225 "C:\Program Files (x86)\PICC\Devices\16F877A.h" Line 657(20,45): Duplicate #define
>>> Warning 225 "C:\Program Files (x86)\PICC\Devices\16F877A.h" Line 658(16,43): Duplicate #define
>>> Warning 225 "C:\Program Files (x86)\PICC\Devices\16F877A.h" Line 659(15,43): Duplicate #define
>>> Warning 225 "C:\Program Files (x86)\PICC\Devices\16F877A.h" Line 660(16,43): Duplicate #define
>>> Warning 225 "C:\Program Files (x86)\PICC\Devices\16F877A.h" Line 661(16,43): Duplicate #define
>>> Warning 225 "C:\Program Files (x86)\PICC\Devices\16F877A.h" Line 662(19,43): Duplicate #define
>>> Warning 225 "C:\Program Files (x86)\PICC\Devices\16F877A.h" Line 663(19,43): Duplicate #define
>>> Warning 225 "C:\Program Files (x86)\PICC\Devices\16F877A.h" Line 664(17,43): Duplicate #define
>>> Warning 225 "C:\Program Files (x86)\PICC\Devices\16F877A.h" Line 665(17,43): Duplicate #define
>>> Warning 225 "C:\Program Files (x86)\PICC\Devices\16F877A.h" Line 666(16,43): Duplicate #define
>>> Warning 225 "C:\Program Files (x86)\PICC\Devices\16F877A.h" Line 667(16,43): Duplicate #define
>>> Warning 225 "C:\Program Files (x86)\PICC\Devices\16F877A.h" Line 668(19,43): Duplicate #define
>>> Warning 225 "C:\Program Files (x86)\PICC\Devices\16F877A.h" Line 669(19,43): Duplicate #define
>>> Warning 225 "C:\Program Files (x86)\PICC\Devices\16F877A.h" Line 670(19,43): Duplicate #define
>>> Warning 225 "C:\Program Files (x86)\PICC\Devices\16F877A.h" Line 671(17,43): Duplicate #define
>>> Warning 205 "main.c" Line 178(1,1): Unsigned variable is never less than zero
>>> Warning 204 "main.c" Line 178(1,1): Condition always FALSE
      Memory usage:   ROM=84%      RAM=23% - 51%
      0 Errors,  215 Warnings.
Build Successful.
